
./.zig-cache/o/fb9475fa65d98e440ad0f186046e41f4/oled:     file format elf32-littleriscv


Disassembly of section .text:

08000000 <.text>:
 8000000:	00000097          	auipc	ra,0x0
 8000004:	008080e7          	jalr	8(ra) # 0x8000008
 8000008:	fc410113          	addi	sp,sp,-60
 800000c:	dc06                	sw	ra,56(sp)
 800000e:	da22                	sw	s0,52(sp)
 8000010:	d826                	sw	s1,48(sp)
 8000012:	1ffff537          	lui	a0,0x1ffff
 8000016:	7d454583          	lbu	a1,2004(a0) # 0x1ffff7d4
 800001a:	f0158593          	addi	a1,a1,-255
 800001e:	cd81                	beqz	a1,0x8000036
 8000020:	400215b7          	lui	a1,0x40021
 8000024:	4190                	lw	a2,0(a1)
 8000026:	7d454503          	lbu	a0,2004(a0)
 800002a:	f0767613          	andi	a2,a2,-249
 800002e:	056e                	slli	a0,a0,0x1b
 8000030:	8161                	srli	a0,a0,0x18
 8000032:	8d51                	or	a0,a0,a2
 8000034:	c188                	sw	a0,0(a1)
 8000036:	40022537          	lui	a0,0x40022
 800003a:	410c                	lw	a1,0(a0)
 800003c:	40021437          	lui	s0,0x40021
 8000040:	99f1                	andi	a1,a1,-4
 8000042:	0585                	addi	a1,a1,1 # 0x40021001
 8000044:	c10c                	sw	a1,0(a0)
 8000046:	4048                	lw	a0,4(s0)
 8000048:	75c1                	lui	a1,0xffff0
 800004a:	f0c58593          	addi	a1,a1,-244 # 0xfffeff0c
 800004e:	8d6d                	and	a0,a0,a1
 8000050:	c048                	sw	a0,4(s0)
 8000052:	4008                	lw	a0,0(s0)
 8000054:	010005b7          	lui	a1,0x1000
 8000058:	8d4d                	or	a0,a0,a1
 800005a:	c008                	sw	a0,0(s0)
 800005c:	4008                	lw	a0,0(s0)
 800005e:	051a                	slli	a0,a0,0x6
 8000060:	fe055ee3          	bgez	a0,0x800005c
 8000064:	4048                	lw	a0,4(s0)
 8000066:	9971                	andi	a0,a0,-4
 8000068:	0509                	addi	a0,a0,2 # 0x40022002
 800006a:	c048                	sw	a0,4(s0)
 800006c:	4521                	li	a0,8
 800006e:	404c                	lw	a1,4(s0)
 8000070:	89b1                	andi	a1,a1,12
 8000072:	fea59ee3          	bne	a1,a0,0x800006e
 8000076:	e000f637          	lui	a2,0xe000f
 800007a:	65b1                	lui	a1,0xc
 800007c:	4515                	li	a0,5
 800007e:	4681                	li	a3,0
 8000080:	c214                	sw	a3,0(a2)
 8000082:	b7f58593          	addi	a1,a1,-1153 # 0xbb7f
 8000086:	ca0c                	sw	a1,16(a2)
 8000088:	c614                	sw	a3,8(a2)
 800008a:	c254                	sw	a3,4(a2)
 800008c:	c208                	sw	a0,0(a2)
 800008e:	4c08                	lw	a0,24(s0)
 8000090:	4589                	li	a1,2
 8000092:	4485                	li	s1,1
 8000094:	02056513          	ori	a0,a0,32
 8000098:	cc08                	sw	a0,24(s0)
 800009a:	10200513          	li	a0,258
 800009e:	02b101a3          	sb	a1,35(sp)
 80000a2:	02910123          	sb	s1,34(sp)
 80000a6:	02a11223          	sh	a0,36(sp)
 80000aa:	1048                	addi	a0,sp,36
 80000ac:	45a1                	li	a1,8
 80000ae:	00000097          	auipc	ra,0x0
 80000b2:	432080e7          	jalr	1074(ra) # 0x80004e0
 80000b6:	02415503          	lhu	a0,36(sp)
 80000ba:	00357593          	andi	a1,a0,3
 80000be:	c599                	beqz	a1,0x80000cc
 80000c0:	4609                	li	a2,2
 80000c2:	00c58a63          	beq	a1,a2,0x80000d6
 80000c6:	400115b7          	lui	a1,0x40011
 80000ca:	a811                	j	0x80000de
 80000cc:	400115b7          	lui	a1,0x40011
 80000d0:	80058593          	addi	a1,a1,-2048 # 0x40010800
 80000d4:	a029                	j	0x80000de
 80000d6:	400115b7          	lui	a1,0x40011
 80000da:	40058593          	addi	a1,a1,1024 # 0x40011400
 80000de:	0552                	slli	a0,a0,0x14
 80000e0:	8171                	srli	a0,a0,0x1c
 80000e2:	00a49533          	sll	a0,s1,a0
 80000e6:	c988                	sw	a0,16(a1)
 80000e8:	4c08                	lw	a0,24(s0)
 80000ea:	01056513          	ori	a0,a0,16
 80000ee:	cc08                	sw	a0,24(s0)
 80000f0:	4c48                	lw	a0,28(s0)
 80000f2:	002005b7          	lui	a1,0x200
 80000f6:	8d4d                	or	a0,a0,a1
 80000f8:	cc48                	sw	a0,28(s0)
 80000fa:	029103a3          	sb	s1,39(sp)
 80000fe:	02910323          	sb	s1,38(sp)
 8000102:	02910423          	sb	s1,40(sp)
 8000106:	029104a3          	sb	s1,41(sp)
 800010a:	1028                	addi	a0,sp,40
 800010c:	45b5                	li	a1,13
 800010e:	00000097          	auipc	ra,0x0
 8000112:	3d2080e7          	jalr	978(ra) # 0x80004e0
 8000116:	029105a3          	sb	s1,43(sp)
 800011a:	4509                	li	a0,2
 800011c:	02a10523          	sb	a0,42(sp)
 8000120:	02910623          	sb	s1,44(sp)
 8000124:	02a106a3          	sb	a0,45(sp)
 8000128:	1068                	addi	a0,sp,44
 800012a:	45b5                	li	a1,13
 800012c:	00000097          	auipc	ra,0x0
 8000130:	3b4080e7          	jalr	948(ra) # 0x80004e0
 8000134:	4808                	lw	a0,16(s0)
 8000136:	002005b7          	lui	a1,0x200
 800013a:	8d4d                	or	a0,a0,a1
 800013c:	c808                	sw	a0,16(s0)
 800013e:	4808                	lw	a0,16(s0)
 8000140:	ffe005b7          	lui	a1,0xffe00
 8000144:	15fd                	addi	a1,a1,-1 # 0xffdfffff
 8000146:	8d6d                	and	a0,a0,a1
 8000148:	400055b7          	lui	a1,0x40005
 800014c:	c808                	sw	a0,16(s0)
 800014e:	4045d503          	lhu	a0,1028(a1) # 0x40005404
 8000152:	6631                	lui	a2,0xc
 8000154:	0605                	addi	a2,a2,1 # 0xc001
 8000156:	fc057513          	andi	a0,a0,-64
 800015a:	0561                	addi	a0,a0,24
 800015c:	40a59223          	sh	a0,1028(a1)
 8000160:	40c59e23          	sh	a2,1052(a1)
 8000164:	40059503          	lh	a0,1024(a1)
 8000168:	00156513          	ori	a0,a0,1
 800016c:	40a59023          	sh	a0,1024(a1)
 8000170:	40059503          	lh	a0,1024(a1)
 8000174:	08000437          	lui	s0,0x8000
 8000178:	66e40413          	addi	s0,s0,1646 # 0x800066e
 800017c:	40056513          	ori	a0,a0,1024
 8000180:	40a59023          	sh	a0,1024(a1)
 8000184:	44e5                	li	s1,25
 8000186:	c891                	beqz	s1,0x800019a
 8000188:	00044503          	lbu	a0,0(s0)
 800018c:	00000097          	auipc	ra,0x0
 8000190:	270080e7          	jalr	624(ra) # 0x80003fc
 8000194:	0405                	addi	s0,s0,1
 8000196:	14fd                	addi	s1,s1,-1
 8000198:	f8e5                	bnez	s1,0x8000188
 800019a:	20000437          	lui	s0,0x20000
 800019e:	00040413          	mv	s0,s0
 80001a2:	40000613          	li	a2,1024
 80001a6:	8522                	mv	a0,s0
 80001a8:	4581                	li	a1,0
 80001aa:	00000097          	auipc	ra,0x0
 80001ae:	4b2080e7          	jalr	1202(ra) # 0x800065c
 80001b2:	00000097          	auipc	ra,0x0
 80001b6:	168080e7          	jalr	360(ra) # 0x800031a
 80001ba:	8522                	mv	a0,s0
 80001bc:	4281                	li	t0,0
 80001be:	4701                	li	a4,0
 80001c0:	4685                	li	a3,1
 80001c2:	40011437          	lui	s0,0x40011
 80001c6:	0019a5b7          	lui	a1,0x19a
 80001ca:	0008d637          	lui	a2,0x8d
 80001ce:	28058593          	addi	a1,a1,640 # 0x19a280
 80001d2:	c02e                	sw	a1,0(sp)
 80001d4:	a0060593          	addi	a1,a2,-1536 # 0x8ca00
 80001d8:	c42e                	sw	a1,8(sp)
 80001da:	80040593          	addi	a1,s0,-2048 # 0x40010800
 80001de:	c22e                	sw	a1,4(sp)
 80001e0:	4785                	li	a5,1
 80001e2:	4409                	li	s0,2
 80001e4:	028107a3          	sb	s0,47(sp)
 80001e8:	02d10723          	sb	a3,46(sp)
 80001ec:	4592                	lw	a1,4(sp)
 80001ee:	4609                	li	a2,2
 80001f0:	c419                	beqz	s0,0x80001fe
 80001f2:	400115b7          	lui	a1,0x40011
 80001f6:	00c61463          	bne	a2,a2,0x80001fe
 80001fa:	40058593          	addi	a1,a1,1024 # 0x40011400
 80001fe:	ca3e                	sw	a5,20(sp)
 8000200:	ce26                	sw	s1,28(sp)
 8000202:	458c                	lw	a1,8(a1)
 8000204:	00d5d5b3          	srl	a1,a1,a3
 8000208:	8985                	andi	a1,a1,1
 800020a:	0015b613          	seqz	a2,a1
 800020e:	0012c593          	xori	a1,t0,1
 8000212:	c832                	sw	a2,16(sp)
 8000214:	8df1                	and	a1,a1,a2
 8000216:	8f2d                	xor	a4,a4,a1
 8000218:	cc3a                	sw	a4,24(sp)
 800021a:	00177413          	andi	s0,a4,1
 800021e:	40000613          	li	a2,1024
 8000222:	4581                	li	a1,0
 8000224:	00000097          	auipc	ra,0x0
 8000228:	438080e7          	jalr	1080(ra) # 0x800065c
 800022c:	4625                	li	a2,9
 800022e:	4501                	li	a0,0
 8000230:	080005b7          	lui	a1,0x8000
 8000234:	69958593          	addi	a1,a1,1689 # 0x8000699
 8000238:	00000097          	auipc	ra,0x0
 800023c:	1e4080e7          	jalr	484(ra) # 0x800041c
 8000240:	080005b7          	lui	a1,0x8000
 8000244:	69058593          	addi	a1,a1,1680 # 0x8000690
 8000248:	c622                	sw	s0,12(sp)
 800024a:	e409                	bnez	s0,0x8000254
 800024c:	080005b7          	lui	a1,0x8000
 8000250:	68758593          	addi	a1,a1,1671 # 0x8000687
 8000254:	4529                	li	a0,10
 8000256:	4621                	li	a2,8
 8000258:	00000097          	auipc	ra,0x0
 800025c:	1c4080e7          	jalr	452(ra) # 0x800041c
 8000260:	4281                	li	t0,0
 8000262:	200004b7          	lui	s1,0x20000
 8000266:	00048493          	mv	s1,s1
 800026a:	4305                	li	t1,1
 800026c:	4772                	lw	a4,28(sp)
 800026e:	46a1                	li	a3,8
 8000270:	c2b5                	beqz	a3,0x80002d4
 8000272:	4581                	li	a1,0
 8000274:	08000637          	lui	a2,0x8000
 8000278:	6a360613          	addi	a2,a2,1699 # 0x80006a3
 800027c:	9616                	add	a2,a2,t0
 800027e:	00064603          	lbu	a2,0(a2)
 8000282:	005310b3          	sll	ra,t1,t0
 8000286:	fff0c393          	not	t2,ra
 800028a:	c2b1                	beqz	a3,0x80002ce
 800028c:	00b70433          	add	s0,a4,a1
 8000290:	0421                	addi	s0,s0,8
 8000292:	01041793          	slli	a5,s0,0x10
 8000296:	0207c963          	bltz	a5,0x80002c8
 800029a:	83c1                	srli	a5,a5,0x10
 800029c:	07f00513          	li	a0,127
 80002a0:	02f56763          	bltu	a0,a5,0x80002ce
 80002a4:	20046793          	ori	a5,s0,512
 80002a8:	07c2                	slli	a5,a5,0x10
 80002aa:	83c1                	srli	a5,a5,0x10
 80002ac:	97a6                	add	a5,a5,s1
 80002ae:	0007c403          	lbu	s0,0(a5)
 80002b2:	00b65533          	srl	a0,a2,a1
 80002b6:	8905                	andi	a0,a0,1
 80002b8:	c501                	beqz	a0,0x80002c0
 80002ba:	00146433          	or	s0,s0,ra
 80002be:	a019                	j	0x80002c4
 80002c0:	00747433          	and	s0,s0,t2
 80002c4:	00878023          	sb	s0,0(a5)
 80002c8:	0585                	addi	a1,a1,1
 80002ca:	fcd591e3          	bne	a1,a3,0x800028c
 80002ce:	0285                	addi	t0,t0,1
 80002d0:	fad291e3          	bne	t0,a3,0x8000272
 80002d4:	00000097          	auipc	ra,0x0
 80002d8:	046080e7          	jalr	70(ra) # 0x800031a
 80002dc:	4522                	lw	a0,8(sp)
 80002de:	45b2                	lw	a1,12(sp)
 80002e0:	e191                	bnez	a1,0x80002e4
 80002e2:	4502                	lw	a0,0(sp)
 80002e4:	e000f6b7          	lui	a3,0xe000f
 80002e8:	468c                	lw	a1,8(a3)
 80002ea:	44f2                	lw	s1,28(sp)
 80002ec:	47d2                	lw	a5,20(sp)
 80002ee:	94be                	add	s1,s1,a5
 80002f0:	04c2                	slli	s1,s1,0x10
 80002f2:	84c1                	srai	s1,s1,0x10
 80002f4:	4762                	lw	a4,24(sp)
 80002f6:	4690                	lw	a2,8(a3)
 80002f8:	8e0d                	sub	a2,a2,a1
 80002fa:	fea66ee3          	bltu	a2,a0,0x80002f6
 80002fe:	20000537          	lui	a0,0x20000
 8000302:	00050513          	mv	a0,a0
 8000306:	4685                	li	a3,1
 8000308:	00904363          	bgtz	s1,0x800030e
 800030c:	4785                	li	a5,1
 800030e:	0784a593          	slti	a1,s1,120
 8000312:	15fd                	addi	a1,a1,-1
 8000314:	8fcd                	or	a5,a5,a1
 8000316:	42c2                	lw	t0,16(sp)
 8000318:	b5e9                	j	0x80001e2
 800031a:	fc810113          	addi	sp,sp,-56
 800031e:	da06                	sw	ra,52(sp)
 8000320:	d822                	sw	s0,48(sp)
 8000322:	d626                	sw	s1,44(sp)
 8000324:	02100513          	li	a0,33
 8000328:	00000097          	auipc	ra,0x0
 800032c:	0d4080e7          	jalr	212(ra) # 0x80003fc
 8000330:	01051593          	slli	a1,a0,0x10
 8000334:	edd5                	bnez	a1,0x80003f0
 8000336:	4501                	li	a0,0
 8000338:	00000097          	auipc	ra,0x0
 800033c:	0c4080e7          	jalr	196(ra) # 0x80003fc
 8000340:	01051593          	slli	a1,a0,0x10
 8000344:	e5d5                	bnez	a1,0x80003f0
 8000346:	07f00513          	li	a0,127
 800034a:	00000097          	auipc	ra,0x0
 800034e:	0b2080e7          	jalr	178(ra) # 0x80003fc
 8000352:	01051593          	slli	a1,a0,0x10
 8000356:	edc9                	bnez	a1,0x80003f0
 8000358:	02200513          	li	a0,34
 800035c:	00000097          	auipc	ra,0x0
 8000360:	0a0080e7          	jalr	160(ra) # 0x80003fc
 8000364:	01051593          	slli	a1,a0,0x10
 8000368:	e5c1                	bnez	a1,0x80003f0
 800036a:	4501                	li	a0,0
 800036c:	00000097          	auipc	ra,0x0
 8000370:	090080e7          	jalr	144(ra) # 0x80003fc
 8000374:	01051593          	slli	a1,a0,0x10
 8000378:	eda5                	bnez	a1,0x80003f0
 800037a:	451d                	li	a0,7
 800037c:	00000097          	auipc	ra,0x0
 8000380:	080080e7          	jalr	128(ra) # 0x80003fc
 8000384:	01051593          	slli	a1,a0,0x10
 8000388:	e5a5                	bnez	a1,0x80003f0
 800038a:	02000413          	li	s0,32
 800038e:	4485                	li	s1,1
 8000390:	40000613          	li	a2,1024
 8000394:	8522                	mv	a0,s0
 8000396:	00c46463          	bltu	s0,a2,0x800039e
 800039a:	40000513          	li	a0,1024
 800039e:	3ff00613          	li	a2,1023
 80003a2:	04b66663          	bltu	a2,a1,0x80003ee
 80003a6:	00950633          	add	a2,a0,s1
 80003aa:	c032                	sw	a2,0(sp)
 80003ac:	02058513          	addi	a0,a1,32
 80003b0:	c22a                	sw	a0,4(sp)
 80003b2:	20000537          	lui	a0,0x20000
 80003b6:	00050513          	mv	a0,a0
 80003ba:	95aa                	add	a1,a1,a0
 80003bc:	167d                	addi	a2,a2,-1
 80003be:	04000513          	li	a0,64
 80003c2:	00a105a3          	sb	a0,11(sp)
 80003c6:	0068                	addi	a0,sp,12
 80003c8:	00000097          	auipc	ra,0x0
 80003cc:	27e080e7          	jalr	638(ra) # 0x8000646
 80003d0:	00b10513          	addi	a0,sp,11
 80003d4:	4582                	lw	a1,0(sp)
 80003d6:	00000097          	auipc	ra,0x0
 80003da:	158080e7          	jalr	344(ra) # 0x800052e
 80003de:	02040413          	addi	s0,s0,32
 80003e2:	01051613          	slli	a2,a0,0x10
 80003e6:	1481                	addi	s1,s1,-32 # 0x1fffffe0
 80003e8:	4592                	lw	a1,4(sp)
 80003ea:	d25d                	beqz	a2,0x8000390
 80003ec:	a011                	j	0x80003f0
 80003ee:	4501                	li	a0,0
 80003f0:	50d2                	lw	ra,52(sp)
 80003f2:	5442                	lw	s0,48(sp)
 80003f4:	54b2                	lw	s1,44(sp)
 80003f6:	03810113          	addi	sp,sp,56
 80003fa:	8082                	ret
 80003fc:	1161                	addi	sp,sp,-8
 80003fe:	c206                	sw	ra,4(sp)
 8000400:	00010123          	sb	zero,2(sp)
 8000404:	00a101a3          	sb	a0,3(sp)
 8000408:	00210513          	addi	a0,sp,2
 800040c:	4589                	li	a1,2
 800040e:	00000097          	auipc	ra,0x0
 8000412:	120080e7          	jalr	288(ra) # 0x800052e
 8000416:	4092                	lw	ra,4(sp)
 8000418:	0121                	addi	sp,sp,8
 800041a:	8082                	ret
 800041c:	fdc10113          	addi	sp,sp,-36
 8000420:	d006                	sw	ra,32(sp)
 8000422:	ce22                	sw	s0,28(sp)
 8000424:	cc26                	sw	s1,24(sp)
 8000426:	c232                	sw	a2,4(sp)
 8000428:	c02e                	sw	a1,0(sp)
 800042a:	c42a                	sw	a0,8(sp)
 800042c:	4581                	li	a1,0
 800042e:	4701                	li	a4,0
 8000430:	47a1                	li	a5,8
 8000432:	07f00413          	li	s0,127
 8000436:	200002b7          	lui	t0,0x20000
 800043a:	00028293          	mv	t0,t0
 800043e:	4512                	lw	a0,4(sp)
 8000440:	08a58a63          	beq	a1,a0,0x80004d4
 8000444:	4601                	li	a2,0
 8000446:	4502                	lw	a0,0(sp)
 8000448:	952e                	add	a0,a0,a1
 800044a:	00054503          	lbu	a0,0(a0) # 0x20000000
 800044e:	050e                	slli	a0,a0,0x3
 8000450:	c62a                	sw	a0,12(sp)
 8000452:	c82e                	sw	a1,16(sp)
 8000454:	cbb5                	beqz	a5,0x80004c8
 8000456:	4301                	li	t1,0
 8000458:	4532                	lw	a0,12(sp)
 800045a:	9532                	add	a0,a0,a2
 800045c:	46a2                	lw	a3,8(sp)
 800045e:	ca32                	sw	a2,20(sp)
 8000460:	96b2                	add	a3,a3,a2
 8000462:	080005b7          	lui	a1,0x8000
 8000466:	6ab58593          	addi	a1,a1,1707 # 0x80006ab
 800046a:	952e                	add	a0,a0,a1
 800046c:	00469613          	slli	a2,a3,0x4
 8000470:	00054583          	lbu	a1,0(a0)
 8000474:	18067613          	andi	a2,a2,384
 8000478:	8a9d                	andi	a3,a3,7
 800047a:	4505                	li	a0,1
 800047c:	00d513b3          	sll	t2,a0,a3
 8000480:	fff3c093          	not	ra,t2
 8000484:	cf8d                	beqz	a5,0x80004be
 8000486:	006704b3          	add	s1,a4,t1
 800048a:	01049513          	slli	a0,s1,0x10
 800048e:	8141                	srli	a0,a0,0x10
 8000490:	02a46363          	bltu	s0,a0,0x80004b6
 8000494:	8cd1                	or	s1,s1,a2
 8000496:	04c2                	slli	s1,s1,0x10
 8000498:	80c1                	srli	s1,s1,0x10
 800049a:	9496                	add	s1,s1,t0
 800049c:	0004c503          	lbu	a0,0(s1)
 80004a0:	01859693          	slli	a3,a1,0x18
 80004a4:	0006c563          	bltz	a3,0x80004ae
 80004a8:	00157533          	and	a0,a0,ra
 80004ac:	a019                	j	0x80004b2
 80004ae:	00756533          	or	a0,a0,t2
 80004b2:	00a48023          	sb	a0,0(s1)
 80004b6:	0586                	slli	a1,a1,0x1
 80004b8:	0305                	addi	t1,t1,1
 80004ba:	fcf316e3          	bne	t1,a5,0x8000486
 80004be:	4652                	lw	a2,20(sp)
 80004c0:	0605                	addi	a2,a2,1
 80004c2:	45c2                	lw	a1,16(sp)
 80004c4:	f8f619e3          	bne	a2,a5,0x8000456
 80004c8:	453d                	li	a0,15
 80004ca:	00a58563          	beq	a1,a0,0x80004d4
 80004ce:	0721                	addi	a4,a4,8
 80004d0:	0585                	addi	a1,a1,1
 80004d2:	b7b5                	j	0x800043e
 80004d4:	5082                	lw	ra,32(sp)
 80004d6:	4472                	lw	s0,28(sp)
 80004d8:	44e2                	lw	s1,24(sp)
 80004da:	02410113          	addi	sp,sp,36
 80004de:	8082                	ret
 80004e0:	00154603          	lbu	a2,1(a0)
 80004e4:	00054503          	lbu	a0,0(a0)
 80004e8:	0622                	slli	a2,a2,0x8
 80004ea:	8d51                	or	a0,a0,a2
 80004ec:	00357613          	andi	a2,a0,3
 80004f0:	ca09                	beqz	a2,0x8000502
 80004f2:	4689                	li	a3,2
 80004f4:	00d61c63          	bne	a2,a3,0x800050c
 80004f8:	40011637          	lui	a2,0x40011
 80004fc:	40060613          	addi	a2,a2,1024 # 0x40011400
 8000500:	a801                	j	0x8000510
 8000502:	40011637          	lui	a2,0x40011
 8000506:	80060613          	addi	a2,a2,-2048 # 0x40010800
 800050a:	a019                	j	0x8000510
 800050c:	40011637          	lui	a2,0x40011
 8000510:	8119                	srli	a0,a0,0x6
 8000512:	46bd                	li	a3,15
 8000514:	89bd                	andi	a1,a1,15
 8000516:	4218                	lw	a4,0(a2)
 8000518:	8971                	andi	a0,a0,28
 800051a:	00a696b3          	sll	a3,a3,a0
 800051e:	00a59533          	sll	a0,a1,a0
 8000522:	fff6c593          	not	a1,a3
 8000526:	8df9                	and	a1,a1,a4
 8000528:	8d4d                	or	a0,a0,a1
 800052a:	c208                	sw	a0,0(a2)
 800052c:	8082                	ret
 800052e:	1161                	addi	sp,sp,-8
 8000530:	c222                	sw	s0,4(sp)
 8000532:	c026                	sw	s1,0(sp)
 8000534:	76a1                	lui	a3,0xfffe8
 8000536:	400054b7          	lui	s1,0x40005
 800053a:	95f68693          	addi	a3,a3,-1697 # 0xfffe795f
 800053e:	577d                	li	a4,-1
 8000540:	4184d403          	lhu	s0,1048(s1) # 0x40005418
 8000544:	87b6                	mv	a5,a3
 8000546:	8809                	andi	s0,s0,2
 8000548:	0685                	addi	a3,a3,1
 800054a:	c019                	beqz	s0,0x8000550
 800054c:	fee79ae3          	bne	a5,a4,0x8000540
 8000550:	cef1                	beqz	a3,0x800062c
 8000552:	40049683          	lh	a3,1024(s1)
 8000556:	7721                	lui	a4,0xfffe8
 8000558:	1006e693          	ori	a3,a3,256
 800055c:	40d49023          	sh	a3,1024(s1)
 8000560:	000306b7          	lui	a3,0x30
 8000564:	96070713          	addi	a4,a4,-1696 # 0xfffe7960
 8000568:	00168613          	addi	a2,a3,1 # 0x30001
 800056c:	4144d783          	lhu	a5,1044(s1)
 8000570:	41849403          	lh	s0,1048(s1)
 8000574:	0442                	slli	s0,s0,0x10
 8000576:	8fc1                	or	a5,a5,s0
 8000578:	00c7f6b3          	and	a3,a5,a2
 800057c:	87ba                	mv	a5,a4
 800057e:	00c68563          	beq	a3,a2,0x8000588
 8000582:	00178713          	addi	a4,a5,1
 8000586:	f3fd                	bnez	a5,0x800056c
 8000588:	c7c5                	beqz	a5,0x8000630
 800058a:	00070637          	lui	a2,0x70
 800058e:	07800693          	li	a3,120
 8000592:	40d49823          	sh	a3,1040(s1)
 8000596:	7721                	lui	a4,0xfffe8
 8000598:	08260693          	addi	a3,a2,130 # 0x70082
 800059c:	96070713          	addi	a4,a4,-1696 # 0xfffe7960
 80005a0:	4144d603          	lhu	a2,1044(s1)
 80005a4:	41849783          	lh	a5,1048(s1)
 80005a8:	07c2                	slli	a5,a5,0x10
 80005aa:	8e5d                	or	a2,a2,a5
 80005ac:	8e75                	and	a2,a2,a3
 80005ae:	87ba                	mv	a5,a4
 80005b0:	00d60563          	beq	a2,a3,0x80005ba
 80005b4:	00178713          	addi	a4,a5,1
 80005b8:	f7e5                	bnez	a5,0x80005a0
 80005ba:	cfad                	beqz	a5,0x8000634
 80005bc:	4381                	li	t2,0
 80005be:	7621                	lui	a2,0xfffe8
 80005c0:	95f60293          	addi	t0,a2,-1697 # 0xfffe795f
 80005c4:	57fd                	li	a5,-1
 80005c6:	c58d                	beqz	a1,0x80005f0
 80005c8:	00750633          	add	a2,a0,t2
 80005cc:	00064303          	lbu	t1,0(a2)
 80005d0:	8716                	mv	a4,t0
 80005d2:	4144d603          	lhu	a2,1044(s1)
 80005d6:	843a                	mv	s0,a4
 80005d8:	08067613          	andi	a2,a2,128
 80005dc:	0705                	addi	a4,a4,1
 80005de:	e219                	bnez	a2,0x80005e4
 80005e0:	fef419e3          	bne	s0,a5,0x80005d2
 80005e4:	cb31                	beqz	a4,0x8000638
 80005e6:	40649823          	sh	t1,1040(s1)
 80005ea:	0385                	addi	t2,t2,1
 80005ec:	fcb39ee3          	bne	t2,a1,0x80005c8
 80005f0:	7521                	lui	a0,0xfffe8
 80005f2:	0689                	addi	a3,a3,2
 80005f4:	00070637          	lui	a2,0x70
 80005f8:	96050593          	addi	a1,a0,-1696 # 0xfffe7960
 80005fc:	08460513          	addi	a0,a2,132 # 0x70084
 8000600:	4144d603          	lhu	a2,1044(s1)
 8000604:	41849703          	lh	a4,1048(s1)
 8000608:	0742                	slli	a4,a4,0x10
 800060a:	8e59                	or	a2,a2,a4
 800060c:	8e75                	and	a2,a2,a3
 800060e:	872e                	mv	a4,a1
 8000610:	00a60563          	beq	a2,a0,0x800061a
 8000614:	00170593          	addi	a1,a4,1
 8000618:	f765                	bnez	a4,0x8000600
 800061a:	c30d                	beqz	a4,0x800063c
 800061c:	4501                	li	a0,0
 800061e:	40049583          	lh	a1,1024(s1)
 8000622:	2005e593          	ori	a1,a1,512
 8000626:	40b49023          	sh	a1,1024(s1)
 800062a:	a811                	j	0x800063e
 800062c:	4505                	li	a0,1
 800062e:	a801                	j	0x800063e
 8000630:	4509                	li	a0,2
 8000632:	a031                	j	0x800063e
 8000634:	450d                	li	a0,3
 8000636:	a021                	j	0x800063e
 8000638:	4511                	li	a0,4
 800063a:	a011                	j	0x800063e
 800063c:	4515                	li	a0,5
 800063e:	4412                	lw	s0,4(sp)
 8000640:	4482                	lw	s1,0(sp)
 8000642:	0121                	addi	sp,sp,8
 8000644:	8082                	ret
 8000646:	86aa                	mv	a3,a0
 8000648:	ca09                	beqz	a2,0x800065a
 800064a:	0005c703          	lbu	a4,0(a1)
 800064e:	167d                	addi	a2,a2,-1
 8000650:	00e68023          	sb	a4,0(a3)
 8000654:	0685                	addi	a3,a3,1
 8000656:	0585                	addi	a1,a1,1
 8000658:	fa6d                	bnez	a2,0x800064a
 800065a:	8082                	ret
 800065c:	ca01                	beqz	a2,0x800066c
 800065e:	962a                	add	a2,a2,a0
 8000660:	86aa                	mv	a3,a0
 8000662:	00b68023          	sb	a1,0(a3)
 8000666:	0685                	addi	a3,a3,1
 8000668:	fec69de3          	bne	a3,a2,0x8000662
 800066c:	8082                	ret
 800066e:	d5ae                	sw	a1,232(sp)
 8000670:	a880                	.insn	2, 0xa880
 8000672:	4000d33f 0020148d 	.insn	8, 0x0020148d4000d33f
 800067a:	c8a1                	beqz	s1,0x80006ca
 800067c:	12da                	slli	t0,t0,0x36
 800067e:	cf81                	beqz	a5,0x8000696
 8000680:	f1d9                	bnez	a1,0x8000606
 8000682:	a6a440db          	.insn	4, 0xa6a440db
 8000686:	445053af          	.insn	4, 0x445053af
 800068a:	533a                	lw	t1,172(sp)
 800068c:	4f4c                	lw	a1,28(a4)
 800068e:	50530057          	.insn	4, 0x50530057
 8000692:	3a44                	.insn	2, 0x3a44
 8000694:	4146                	lw	sp,80(sp)
 8000696:	4f005453          	.insn	4, 0x4f005453
 800069a:	454c                	lw	a1,12(a0)
 800069c:	2044                	.insn	2, 0x2044
 800069e:	4544                	lw	s1,12(a0)
 80006a0:	4f4d                	li	t5,19
 80006a2:	3c00                	.insn	2, 0x3c00
 80006a4:	a542                	.insn	2, 0xa542
 80006a6:	a581                	j	0x8000ce6
 80006a8:	4299                	li	t0,6
 80006aa:	003c                	addi	a5,sp,8
 80006ac:	0000                	unimp
 80006ae:	0000                	unimp
 80006b0:	0000                	unimp
 80006b2:	7e00                	.insn	2, 0x7e00
 80006b4:	a581                	j	0x8000cf4
 80006b6:	bd81                	j	0x8000506
 80006b8:	8199                	srli	a1,a1,0x6
 80006ba:	7e7e                	.insn	2, 0x7e7e
 80006bc:	c3ffdbff 6c7effe7 	.insn	20, 0x7cfe7c38100010387cfefefe6c7effe7c3ffdbff
 80006c4:	7cfefefe 10001038 
 80006cc:	7cfe7c38 
 80006d0:	1038                	addi	a4,sp,40
 80006d2:	3800                	.insn	2, 0x3800
 80006d4:	387c                	.insn	2, 0x387c
 80006d6:	fefe                	.insn	2, 0xfefe
 80006d8:	10d6                	slli	ra,ra,0x35
 80006da:	1038                	addi	a4,sp,40
 80006dc:	7c38                	.insn	2, 0x7c38
 80006de:	fefe                	.insn	2, 0xfefe
 80006e0:	107c                	addi	a5,sp,44
 80006e2:	0038                	addi	a4,sp,8
 80006e4:	1800                	addi	s0,sp,48
 80006e6:	3c3c                	.insn	2, 0x3c3c
 80006e8:	0018                	.insn	2, 0x0018
 80006ea:	ff00                	.insn	2, 0xff00
 80006ec:	e7ff c3c3 ffe7 00ff 	.insn	22, 0xc399bdbd99c3ff003c664242663c00ffffe7c3c3e7ff
 80006f4:	663c 4242 3c66 ff00 
 80006fc:	99c3 bdbd c399 
 8000702:	0fff 0f07 cc7d cccc 	.insn	10, 0x3c78cccccc7d0f070fff
 800070a:	3c78 
 800070c:	6666                	.insn	2, 0x6666
 800070e:	3c66                	.insn	2, 0x3c66
 8000710:	7e18                	.insn	2, 0x7e18
 8000712:	3f18                	.insn	2, 0x3f18
 8000714:	30303f33          	.insn	4, 0x30303f33
 8000718:	f070                	.insn	2, 0xf070
 800071a:	7fe0                	.insn	2, 0x7fe0
 800071c:	63637f63          	bgeu	t1,s6,0x8000d5a
 8000720:	18c0e667          	.insn	4, 0x18c0e667
 8000724:	e7e73cdb          	.insn	4, 0xe7e73cdb
 8000728:	db3c                	sw	a5,112(a4)
 800072a:	8018                	.insn	2, 0x8018
 800072c:	f8e0                	.insn	2, 0xf8e0
 800072e:	f8fe                	.insn	2, 0xf8fe
 8000730:	80e0                	.insn	2, 0x80e0
 8000732:	0200                	addi	s0,sp,256
 8000734:	3e0e                	.insn	2, 0x3e0e
 8000736:	3efe                	.insn	2, 0x3efe
 8000738:	020e                	slli	tp,tp,0x3
 800073a:	1800                	addi	s0,sp,48
 800073c:	7e3c                	.insn	2, 0x7e3c
 800073e:	1818                	addi	a4,sp,48
 8000740:	3c7e                	.insn	2, 0x3c7e
 8000742:	6618                	.insn	2, 0x6618
 8000744:	6666                	.insn	2, 0x6666
 8000746:	6666                	.insn	2, 0x6666
 8000748:	6600                	.insn	2, 0x6600
 800074a:	7f00                	.insn	2, 0x7f00
 800074c:	1b7bdbdb          	.insn	4, 0x1b7bdbdb
 8000750:	3e001b1b          	.insn	4, 0x3e001b1b
 8000754:	3c61                	jal	0x80001ec
 8000756:	6666                	.insn	2, 0x6666
 8000758:	863c                	.insn	2, 0x863c
 800075a:	007c                	addi	a5,sp,12
 800075c:	0000                	unimp
 800075e:	7e00                	.insn	2, 0x7e00
 8000760:	7e7e                	.insn	2, 0x7e7e
 8000762:	1800                	addi	s0,sp,48
 8000764:	7e3c                	.insn	2, 0x7e3c
 8000766:	7e18                	.insn	2, 0x7e18
 8000768:	183c                	addi	a5,sp,56
 800076a:	7e3c18ff 18181818 	.insn	12, 0x18181800181818187e3c18ff
 8000772:	18181800 
 8000776:	7e18                	.insn	2, 0x7e18
 8000778:	183c                	addi	a5,sp,56
 800077a:	0000                	unimp
 800077c:	0c18                	addi	a4,sp,528
 800077e:	0cfe                	slli	s9,s9,0x1f
 8000780:	0018                	.insn	2, 0x0018
 8000782:	0000                	unimp
 8000784:	6030                	.insn	2, 0x6030
 8000786:	60fe                	.insn	2, 0x60fe
 8000788:	0030                	addi	a2,sp,8
 800078a:	0000                	unimp
 800078c:	c000                	sw	s0,0(s0)
 800078e:	c0c0                	sw	s0,4(s1)
 8000790:	00fe                	slli	ra,ra,0x1f
 8000792:	0000                	unimp
 8000794:	6624                	.insn	2, 0x6624
 8000796:	66ff 0024 0000 3c18 	.insn	22, 0x00183c7effff000000ffff7e3c180000002466ff
 800079e:	ff7e 00ff 0000 ffff 
 80007a6:	3c7e 0018 0000 
 80007ac:	0000                	unimp
 80007ae:	0000                	unimp
 80007b0:	0000                	unimp
 80007b2:	1800                	addi	s0,sp,48
 80007b4:	3c3c                	.insn	2, 0x3c3c
 80007b6:	1818                	addi	a4,sp,48
 80007b8:	1800                	addi	s0,sp,48
 80007ba:	6600                	.insn	2, 0x6600
 80007bc:	2466                	.insn	2, 0x2466
 80007be:	0000                	unimp
 80007c0:	0000                	unimp
 80007c2:	6c00                	.insn	2, 0x6c00
 80007c4:	fe6c                	.insn	2, 0xfe6c
 80007c6:	fe6c                	.insn	2, 0xfe6c
 80007c8:	6c6c                	.insn	2, 0x6c6c
 80007ca:	1800                	addi	s0,sp,48
 80007cc:	603e                	.insn	2, 0x603e
 80007ce:	063c                	addi	a5,sp,776
 80007d0:	187c                	addi	a5,sp,60
 80007d2:	0000                	unimp
 80007d4:	ccc6                	sw	a7,88(sp)
 80007d6:	3018                	.insn	2, 0x3018
 80007d8:	c666                	sw	s9,12(sp)
 80007da:	3800                	.insn	2, 0x3800
 80007dc:	386c                	.insn	2, 0x386c
 80007de:	dc76                	sw	t4,56(sp)
 80007e0:	76cc                	.insn	2, 0x76cc
 80007e2:	1800                	addi	s0,sp,48
 80007e4:	3018                	.insn	2, 0x3018
 80007e6:	0000                	unimp
 80007e8:	0000                	unimp
 80007ea:	0c00                	addi	s0,sp,528
 80007ec:	3018                	.insn	2, 0x3018
 80007ee:	3030                	.insn	2, 0x3030
 80007f0:	0c18                	addi	a4,sp,528
 80007f2:	3000                	.insn	2, 0x3000
 80007f4:	0c18                	addi	a4,sp,528
 80007f6:	0c0c                	addi	a1,sp,528
 80007f8:	3018                	.insn	2, 0x3018
 80007fa:	0000                	unimp
 80007fc:	3c66                	.insn	2, 0x3c66
 80007fe:	00663cff 18180000 	.insn	16, 0x0018187e1818000000663cff
 8000806:	0018187e 00000000 
 800080e:	0000                	unimp
 8000810:	1818                	addi	a4,sp,48
 8000812:	0030                	addi	a2,sp,8
 8000814:	0000                	unimp
 8000816:	007e                	c.slli	zero,0x1f
	...
 8000820:	1818                	addi	a4,sp,48
 8000822:	0600                	addi	s0,sp,768
 8000824:	180c                	addi	a1,sp,48
 8000826:	6030                	.insn	2, 0x6030
 8000828:	80c0                	.insn	2, 0x80c0
 800082a:	3800                	.insn	2, 0x3800
 800082c:	c66c                	sw	a1,76(a2)
 800082e:	c6d6                	sw	s5,76(sp)
 8000830:	386c                	.insn	2, 0x386c
 8000832:	1800                	addi	s0,sp,48
 8000834:	1838                	addi	a4,sp,56
 8000836:	1818                	addi	a4,sp,48
 8000838:	7e18                	.insn	2, 0x7e18
 800083a:	7c00                	.insn	2, 0x7c00
 800083c:	06c6                	slli	a3,a3,0x11
 800083e:	301c                	.insn	2, 0x301c
 8000840:	fe66                	.insn	2, 0xfe66
 8000842:	7c00                	.insn	2, 0x7c00
 8000844:	06c6                	slli	a3,a3,0x11
 8000846:	063c                	addi	a5,sp,776
 8000848:	7cc6                	.insn	2, 0x7cc6
 800084a:	1c00                	addi	s0,sp,560
 800084c:	6c3c                	.insn	2, 0x6c3c
 800084e:	fecc                	.insn	2, 0xfecc
 8000850:	1e0c                	addi	a1,sp,816
 8000852:	fe00                	.insn	2, 0xfe00
 8000854:	c0c0                	sw	s0,4(s1)
 8000856:	06fc                	addi	a5,sp,844
 8000858:	7cc6                	.insn	2, 0x7cc6
 800085a:	3800                	.insn	2, 0x3800
 800085c:	c060                	sw	s0,68(s0)
 800085e:	c6fc                	sw	a5,76(a3)
 8000860:	7cc6                	.insn	2, 0x7cc6
 8000862:	fe00                	.insn	2, 0xfe00
 8000864:	0cc6                	slli	s9,s9,0x11
 8000866:	3018                	.insn	2, 0x3018
 8000868:	3030                	.insn	2, 0x3030
 800086a:	7c00                	.insn	2, 0x7c00
 800086c:	c6c6                	sw	a7,76(sp)
 800086e:	c67c                	sw	a5,76(a2)
 8000870:	7cc6                	.insn	2, 0x7cc6
 8000872:	7c00                	.insn	2, 0x7c00
 8000874:	c6c6                	sw	a7,76(sp)
 8000876:	067e                	slli	a2,a2,0x1f
 8000878:	780c                	.insn	2, 0x780c
 800087a:	0000                	unimp
 800087c:	1818                	addi	a4,sp,48
 800087e:	0000                	unimp
 8000880:	1818                	addi	a4,sp,48
 8000882:	0000                	unimp
 8000884:	1818                	addi	a4,sp,48
 8000886:	0000                	unimp
 8000888:	1818                	addi	a4,sp,48
 800088a:	0630                	addi	a2,sp,776
 800088c:	180c                	addi	a1,sp,48
 800088e:	1830                	addi	a2,sp,56
 8000890:	060c                	addi	a1,sp,768
 8000892:	0000                	unimp
 8000894:	7e00                	.insn	2, 0x7e00
 8000896:	0000                	unimp
 8000898:	007e                	c.slli	zero,0x1f
 800089a:	6000                	.insn	2, 0x6000
 800089c:	1830                	addi	a2,sp,56
 800089e:	180c                	addi	a1,sp,48
 80008a0:	6030                	.insn	2, 0x6030
 80008a2:	7c00                	.insn	2, 0x7c00
 80008a4:	0cc6                	slli	s9,s9,0x11
 80008a6:	1818                	addi	a4,sp,48
 80008a8:	1800                	addi	s0,sp,48
 80008aa:	7c00                	.insn	2, 0x7c00
 80008ac:	dec6                	sw	a7,124(sp)
 80008ae:	dede                	sw	s7,124(sp)
 80008b0:	78c0                	.insn	2, 0x78c0
 80008b2:	3800                	.insn	2, 0x3800
 80008b4:	c66c                	sw	a1,76(a2)
 80008b6:	c6fe                	sw	t6,76(sp)
 80008b8:	c6c6                	sw	a7,76(sp)
 80008ba:	fc00                	.insn	2, 0xfc00
 80008bc:	6666                	.insn	2, 0x6666
 80008be:	667c                	.insn	2, 0x667c
 80008c0:	fc66                	.insn	2, 0xfc66
 80008c2:	3c00                	.insn	2, 0x3c00
 80008c4:	c066                	sw	s9,0(sp)
 80008c6:	c0c0                	sw	s0,4(s1)
 80008c8:	3c66                	.insn	2, 0x3c66
 80008ca:	f800                	.insn	2, 0xf800
 80008cc:	666c                	.insn	2, 0x666c
 80008ce:	6666                	.insn	2, 0x6666
 80008d0:	f86c                	.insn	2, 0xf86c
 80008d2:	fe00                	.insn	2, 0xfe00
 80008d4:	6862                	.insn	2, 0x6862
 80008d6:	6878                	.insn	2, 0x6878
 80008d8:	fe62                	.insn	2, 0xfe62
 80008da:	fe00                	.insn	2, 0xfe00
 80008dc:	6862                	.insn	2, 0x6862
 80008de:	6878                	.insn	2, 0x6878
 80008e0:	f060                	.insn	2, 0xf060
 80008e2:	3c00                	.insn	2, 0x3c00
 80008e4:	c066                	sw	s9,0(sp)
 80008e6:	cec0                	sw	s0,28(a3)
 80008e8:	3a66                	.insn	2, 0x3a66
 80008ea:	c600                	sw	s0,8(a2)
 80008ec:	c6c6                	sw	a7,76(sp)
 80008ee:	c6fe                	sw	t6,76(sp)
 80008f0:	c6c6                	sw	a7,76(sp)
 80008f2:	3c00                	.insn	2, 0x3c00
 80008f4:	1818                	addi	a4,sp,48
 80008f6:	1818                	addi	a4,sp,48
 80008f8:	3c18                	.insn	2, 0x3c18
 80008fa:	1e00                	addi	s0,sp,816
 80008fc:	0c0c                	addi	a1,sp,528
 80008fe:	cc0c                	sw	a1,24(s0)
 8000900:	78cc                	.insn	2, 0x78cc
 8000902:	e600                	.insn	2, 0xe600
 8000904:	6c66                	.insn	2, 0x6c66
 8000906:	6c78                	.insn	2, 0x6c78
 8000908:	e666                	.insn	2, 0xe666
 800090a:	f000                	.insn	2, 0xf000
 800090c:	6060                	.insn	2, 0x6060
 800090e:	6260                	.insn	2, 0x6260
 8000910:	fe66                	.insn	2, 0xfe66
 8000912:	c600                	sw	s0,8(a2)
 8000914:	feee                	.insn	2, 0xfeee
 8000916:	d6fe                	sw	t6,108(sp)
 8000918:	c6c6                	sw	a7,76(sp)
 800091a:	c600                	sw	s0,8(a2)
 800091c:	f6e6                	.insn	2, 0xf6e6
 800091e:	cede                	sw	s7,92(sp)
 8000920:	c6c6                	sw	a7,76(sp)
 8000922:	7c00                	.insn	2, 0x7c00
 8000924:	c6c6                	sw	a7,76(sp)
 8000926:	c6c6                	sw	a7,76(sp)
 8000928:	7cc6                	.insn	2, 0x7cc6
 800092a:	fc00                	.insn	2, 0xfc00
 800092c:	6666                	.insn	2, 0x6666
 800092e:	607c                	.insn	2, 0x607c
 8000930:	f060                	.insn	2, 0xf060
 8000932:	7c00                	.insn	2, 0x7c00
 8000934:	c6c6                	sw	a7,76(sp)
 8000936:	c6c6                	sw	a7,76(sp)
 8000938:	7cce                	.insn	2, 0x7cce
 800093a:	fc0e                	.insn	2, 0xfc0e
 800093c:	6666                	.insn	2, 0x6666
 800093e:	6c7c                	.insn	2, 0x6c7c
 8000940:	e666                	.insn	2, 0xe666
 8000942:	3c00                	.insn	2, 0x3c00
 8000944:	3066                	.insn	2, 0x3066
 8000946:	0c18                	addi	a4,sp,528
 8000948:	3c66                	.insn	2, 0x3c66
 800094a:	7e00                	.insn	2, 0x7e00
 800094c:	5a7e                	lw	s4,252(sp)
 800094e:	1818                	addi	a4,sp,48
 8000950:	3c18                	.insn	2, 0x3c18
 8000952:	c600                	sw	s0,8(a2)
 8000954:	c6c6                	sw	a7,76(sp)
 8000956:	c6c6                	sw	a7,76(sp)
 8000958:	7cc6                	.insn	2, 0x7cc6
 800095a:	c600                	sw	s0,8(a2)
 800095c:	c6c6                	sw	a7,76(sp)
 800095e:	c6c6                	sw	a7,76(sp)
 8000960:	386c                	.insn	2, 0x386c
 8000962:	c600                	sw	s0,8(a2)
 8000964:	c6c6                	sw	a7,76(sp)
 8000966:	d6d6                	sw	s5,108(sp)
 8000968:	6cfe                	.insn	2, 0x6cfe
 800096a:	c600                	sw	s0,8(a2)
 800096c:	6cc6                	.insn	2, 0x6cc6
 800096e:	6c38                	.insn	2, 0x6c38
 8000970:	c6c6                	sw	a7,76(sp)
 8000972:	6600                	.insn	2, 0x6600
 8000974:	6666                	.insn	2, 0x6666
 8000976:	183c                	addi	a5,sp,56
 8000978:	3c18                	.insn	2, 0x3c18
 800097a:	fe00                	.insn	2, 0xfe00
 800097c:	8cc6                	mv	s9,a7
 800097e:	3218                	.insn	2, 0x3218
 8000980:	fe66                	.insn	2, 0xfe66
 8000982:	3c00                	.insn	2, 0x3c00
 8000984:	3030                	.insn	2, 0x3030
 8000986:	3030                	.insn	2, 0x3030
 8000988:	3c30                	.insn	2, 0x3c30
 800098a:	c000                	sw	s0,0(s0)
 800098c:	3060                	.insn	2, 0x3060
 800098e:	0c18                	addi	a4,sp,528
 8000990:	0206                	slli	tp,tp,0x1
 8000992:	3c00                	.insn	2, 0x3c00
 8000994:	0c0c                	addi	a1,sp,528
 8000996:	0c0c                	addi	a1,sp,528
 8000998:	3c0c                	.insn	2, 0x3c0c
 800099a:	1000                	addi	s0,sp,32
 800099c:	6c38                	.insn	2, 0x6c38
 800099e:	00c6                	slli	ra,ra,0x11
	...
 80009a8:	0000                	unimp
 80009aa:	0c1830ff 00000000 	.insn	16, 0x76cc7c0c78000000000000000c1830ff
 80009b2:	78000000 76cc7c0c 
 80009ba:	e000                	.insn	2, 0xe000
 80009bc:	7c60                	.insn	2, 0x7c60
 80009be:	6666                	.insn	2, 0x6666
 80009c0:	dc66                	sw	s9,56(sp)
 80009c2:	0000                	unimp
 80009c4:	7c00                	.insn	2, 0x7c00
 80009c6:	c0c6                	sw	a7,64(sp)
 80009c8:	7cc6                	.insn	2, 0x7cc6
 80009ca:	1c00                	addi	s0,sp,560
 80009cc:	7c0c                	.insn	2, 0x7c0c
 80009ce:	cccc                	sw	a1,28(s1)
 80009d0:	76cc                	.insn	2, 0x76cc
 80009d2:	0000                	unimp
 80009d4:	7c00                	.insn	2, 0x7c00
 80009d6:	fec6                	.insn	2, 0xfec6
 80009d8:	7cc0                	.insn	2, 0x7cc0
 80009da:	3c00                	.insn	2, 0x3c00
 80009dc:	6066                	.insn	2, 0x6066
 80009de:	60f8                	.insn	2, 0x60f8
 80009e0:	f060                	.insn	2, 0xf060
 80009e2:	0000                	unimp
 80009e4:	7600                	.insn	2, 0x7600
 80009e6:	cccc                	sw	a1,28(s1)
 80009e8:	0c7c                	addi	a5,sp,540
 80009ea:	e0f8                	.insn	2, 0xe0f8
 80009ec:	6c60                	.insn	2, 0x6c60
 80009ee:	6676                	.insn	2, 0x6676
 80009f0:	e666                	.insn	2, 0xe666
 80009f2:	1800                	addi	s0,sp,48
 80009f4:	3800                	.insn	2, 0x3800
 80009f6:	1818                	addi	a4,sp,48
 80009f8:	3c18                	.insn	2, 0x3c18
 80009fa:	0600                	addi	s0,sp,768
 80009fc:	0600                	addi	s0,sp,768
 80009fe:	0606                	slli	a2,a2,0x1
 8000a00:	6666                	.insn	2, 0x6666
 8000a02:	e03c                	.insn	2, 0xe03c
 8000a04:	6660                	.insn	2, 0x6660
 8000a06:	786c                	.insn	2, 0x786c
 8000a08:	e66c                	.insn	2, 0xe66c
 8000a0a:	3800                	.insn	2, 0x3800
 8000a0c:	1818                	addi	a4,sp,48
 8000a0e:	1818                	addi	a4,sp,48
 8000a10:	3c18                	.insn	2, 0x3c18
 8000a12:	0000                	unimp
 8000a14:	ec00                	.insn	2, 0xec00
 8000a16:	d6fe                	sw	t6,108(sp)
 8000a18:	d6d6                	sw	s5,108(sp)
 8000a1a:	0000                	unimp
 8000a1c:	dc00                	sw	s0,56(s0)
 8000a1e:	6666                	.insn	2, 0x6666
 8000a20:	6666                	.insn	2, 0x6666
 8000a22:	0000                	unimp
 8000a24:	7c00                	.insn	2, 0x7c00
 8000a26:	c6c6                	sw	a7,76(sp)
 8000a28:	7cc6                	.insn	2, 0x7cc6
 8000a2a:	0000                	unimp
 8000a2c:	dc00                	sw	s0,56(s0)
 8000a2e:	6666                	.insn	2, 0x6666
 8000a30:	607c                	.insn	2, 0x607c
 8000a32:	00f0                	addi	a2,sp,76
 8000a34:	7600                	.insn	2, 0x7600
 8000a36:	cccc                	sw	a1,28(s1)
 8000a38:	0c7c                	addi	a5,sp,540
 8000a3a:	001e                	c.slli	zero,0x7
 8000a3c:	dc00                	sw	s0,56(s0)
 8000a3e:	6076                	.insn	2, 0x6076
 8000a40:	f060                	.insn	2, 0xf060
 8000a42:	0000                	unimp
 8000a44:	7e00                	.insn	2, 0x7e00
 8000a46:	7cc0                	.insn	2, 0x7cc0
 8000a48:	fc06                	.insn	2, 0xfc06
 8000a4a:	3000                	.insn	2, 0x3000
 8000a4c:	fc30                	.insn	2, 0xfc30
 8000a4e:	3030                	.insn	2, 0x3030
 8000a50:	1c36                	slli	s8,s8,0x2d
 8000a52:	0000                	unimp
 8000a54:	cc00                	sw	s0,24(s0)
 8000a56:	cccc                	sw	a1,28(s1)
 8000a58:	76cc                	.insn	2, 0x76cc
 8000a5a:	0000                	unimp
 8000a5c:	c600                	sw	s0,8(a2)
 8000a5e:	c6c6                	sw	a7,76(sp)
 8000a60:	386c                	.insn	2, 0x386c
 8000a62:	0000                	unimp
 8000a64:	c600                	sw	s0,8(a2)
 8000a66:	d6d6                	sw	s5,108(sp)
 8000a68:	6cfe                	.insn	2, 0x6cfe
 8000a6a:	0000                	unimp
 8000a6c:	c600                	sw	s0,8(a2)
 8000a6e:	386c                	.insn	2, 0x386c
 8000a70:	c66c                	sw	a1,76(a2)
 8000a72:	0000                	unimp
 8000a74:	c600                	sw	s0,8(a2)
 8000a76:	c6c6                	sw	a7,76(sp)
 8000a78:	067e                	slli	a2,a2,0x1f
 8000a7a:	00fc                	addi	a5,sp,76
 8000a7c:	7e00                	.insn	2, 0x7e00
 8000a7e:	184c                	addi	a1,sp,52
 8000a80:	7e32                	.insn	2, 0x7e32
 8000a82:	0e00                	addi	s0,sp,784
 8000a84:	1818                	addi	a4,sp,48
 8000a86:	1870                	addi	a2,sp,60
 8000a88:	0e18                	addi	a4,sp,784
 8000a8a:	1800                	addi	s0,sp,48
 8000a8c:	1818                	addi	a4,sp,48
 8000a8e:	1818                	addi	a4,sp,48
 8000a90:	1818                	addi	a4,sp,48
 8000a92:	7000                	.insn	2, 0x7000
 8000a94:	1818                	addi	a4,sp,48
 8000a96:	180e                	slli	a6,a6,0x23
 8000a98:	7018                	.insn	2, 0x7018
 8000a9a:	7600                	.insn	2, 0x7600
 8000a9c:	00dc                	addi	a5,sp,68
 8000a9e:	0000                	unimp
 8000aa0:	0000                	unimp
 8000aa2:	0000                	unimp
 8000aa4:	3810                	.insn	2, 0x3810
 8000aa6:	c66c                	sw	a1,76(a2)
 8000aa8:	fec6                	.insn	2, 0xfec6
 8000aaa:	7c00                	.insn	2, 0x7c00
 8000aac:	c0c6                	sw	a7,64(sp)
 8000aae:	c6c0                	sw	s0,12(a3)
 8000ab0:	0c7c                	addi	a5,sp,540
 8000ab2:	cc78                	sw	a4,92(s0)
 8000ab4:	cc00                	sw	s0,24(s0)
 8000ab6:	cccc                	sw	a1,28(s1)
 8000ab8:	76cc                	.insn	2, 0x76cc
 8000aba:	0c00                	addi	s0,sp,528
 8000abc:	7c18                	.insn	2, 0x7c18
 8000abe:	fec6                	.insn	2, 0xfec6
 8000ac0:	7cc0                	.insn	2, 0x7cc0
 8000ac2:	7c00                	.insn	2, 0x7c00
 8000ac4:	7882                	.insn	2, 0x7882
 8000ac6:	7c0c                	.insn	2, 0x7c0c
 8000ac8:	76cc                	.insn	2, 0x76cc
 8000aca:	c600                	sw	s0,8(a2)
 8000acc:	7800                	.insn	2, 0x7800
 8000ace:	7c0c                	.insn	2, 0x7c0c
 8000ad0:	76cc                	.insn	2, 0x76cc
 8000ad2:	3000                	.insn	2, 0x3000
 8000ad4:	7818                	.insn	2, 0x7818
 8000ad6:	7c0c                	.insn	2, 0x7c0c
 8000ad8:	76cc                	.insn	2, 0x76cc
 8000ada:	3000                	.insn	2, 0x3000
 8000adc:	7830                	.insn	2, 0x7830
 8000ade:	7c0c                	.insn	2, 0x7c0c
 8000ae0:	76cc                	.insn	2, 0x76cc
 8000ae2:	0000                	unimp
 8000ae4:	7e00                	.insn	2, 0x7e00
 8000ae6:	c0c0                	sw	s0,4(s1)
 8000ae8:	0c7e                	slli	s8,s8,0x1f
 8000aea:	7c38                	.insn	2, 0x7c38
 8000aec:	7c82                	.insn	2, 0x7c82
 8000aee:	fec6                	.insn	2, 0xfec6
 8000af0:	7cc0                	.insn	2, 0x7cc0
 8000af2:	c600                	sw	s0,8(a2)
 8000af4:	7c00                	.insn	2, 0x7c00
 8000af6:	fec6                	.insn	2, 0xfec6
 8000af8:	7cc0                	.insn	2, 0x7cc0
 8000afa:	3000                	.insn	2, 0x3000
 8000afc:	7c18                	.insn	2, 0x7c18
 8000afe:	fec6                	.insn	2, 0xfec6
 8000b00:	7cc0                	.insn	2, 0x7cc0
 8000b02:	6600                	.insn	2, 0x6600
 8000b04:	3800                	.insn	2, 0x3800
 8000b06:	1818                	addi	a4,sp,48
 8000b08:	3c18                	.insn	2, 0x3c18
 8000b0a:	7c00                	.insn	2, 0x7c00
 8000b0c:	3882                	.insn	2, 0x3882
 8000b0e:	1818                	addi	a4,sp,48
 8000b10:	3c18                	.insn	2, 0x3c18
 8000b12:	3000                	.insn	2, 0x3000
 8000b14:	0018                	.insn	2, 0x0018
 8000b16:	1838                	addi	a4,sp,56
 8000b18:	3c18                	.insn	2, 0x3c18
 8000b1a:	c600                	sw	s0,8(a2)
 8000b1c:	6c38                	.insn	2, 0x6c38
 8000b1e:	fec6                	.insn	2, 0xfec6
 8000b20:	c6c6                	sw	a7,76(sp)
 8000b22:	3800                	.insn	2, 0x3800
 8000b24:	7c6c                	.insn	2, 0x7c6c
 8000b26:	fec6                	.insn	2, 0xfec6
 8000b28:	c6c6                	sw	a7,76(sp)
 8000b2a:	1800                	addi	s0,sp,48
 8000b2c:	fe30                	.insn	2, 0xfe30
 8000b2e:	f8c0                	.insn	2, 0xf8c0
 8000b30:	fec0                	.insn	2, 0xfec0
 8000b32:	0000                	unimp
 8000b34:	7e00                	.insn	2, 0x7e00
 8000b36:	7e18                	.insn	2, 0x7e18
 8000b38:	7ed8                	.insn	2, 0x7ed8
 8000b3a:	3e00                	.insn	2, 0x3e00
 8000b3c:	cc6c                	sw	a1,92(s0)
 8000b3e:	ccfe                	sw	t6,88(sp)
 8000b40:	cecc                	sw	a1,28(a3)
 8000b42:	7c00                	.insn	2, 0x7c00
 8000b44:	7c82                	.insn	2, 0x7c82
 8000b46:	c6c6                	sw	a7,76(sp)
 8000b48:	7cc6                	.insn	2, 0x7cc6
 8000b4a:	c600                	sw	s0,8(a2)
 8000b4c:	7c00                	.insn	2, 0x7c00
 8000b4e:	c6c6                	sw	a7,76(sp)
 8000b50:	7cc6                	.insn	2, 0x7cc6
 8000b52:	3000                	.insn	2, 0x3000
 8000b54:	7c18                	.insn	2, 0x7c18
 8000b56:	c6c6                	sw	a7,76(sp)
 8000b58:	7cc6                	.insn	2, 0x7cc6
 8000b5a:	7800                	.insn	2, 0x7800
 8000b5c:	0084                	addi	s1,sp,64
 8000b5e:	cccc                	sw	a1,28(s1)
 8000b60:	76cc                	.insn	2, 0x76cc
 8000b62:	6000                	.insn	2, 0x6000
 8000b64:	cc30                	sw	a2,88(s0)
 8000b66:	cccc                	sw	a1,28(s1)
 8000b68:	76cc                	.insn	2, 0x76cc
 8000b6a:	c600                	sw	s0,8(a2)
 8000b6c:	c600                	sw	s0,8(a2)
 8000b6e:	c6c6                	sw	a7,76(sp)
 8000b70:	067e                	slli	a2,a2,0x1f
 8000b72:	c6fc                	sw	a5,76(a3)
 8000b74:	6c38                	.insn	2, 0x6c38
 8000b76:	c6c6                	sw	a7,76(sp)
 8000b78:	386c                	.insn	2, 0x386c
 8000b7a:	c600                	sw	s0,8(a2)
 8000b7c:	c600                	sw	s0,8(a2)
 8000b7e:	c6c6                	sw	a7,76(sp)
 8000b80:	7cc6                	.insn	2, 0x7cc6
 8000b82:	1800                	addi	s0,sp,48
 8000b84:	7e18                	.insn	2, 0x7e18
 8000b86:	c0c0                	sw	s0,4(s1)
 8000b88:	187e                	slli	a6,a6,0x3f
 8000b8a:	3818                	.insn	2, 0x3818
 8000b8c:	646c                	.insn	2, 0x646c
 8000b8e:	60f0                	.insn	2, 0x60f0
 8000b90:	fc66                	.insn	2, 0xfc66
 8000b92:	6600                	.insn	2, 0x6600
 8000b94:	3c66                	.insn	2, 0x3c66
 8000b96:	187e                	slli	a6,a6,0x3f
 8000b98:	187e                	slli	a6,a6,0x3f
 8000b9a:	f818                	.insn	2, 0xf818
 8000b9c:	cccc                	sw	a1,28(s1)
 8000b9e:	c6fa                	sw	t5,76(sp)
 8000ba0:	0ec7c6cf          	.insn	4, 0x0ec7c6cf
 8000ba4:	183c181b          	.insn	4, 0x183c181b
 8000ba8:	70d8                	.insn	2, 0x70d8
 8000baa:	1800                	addi	s0,sp,48
 8000bac:	7830                	.insn	2, 0x7830
 8000bae:	7c0c                	.insn	2, 0x7c0c
 8000bb0:	76cc                	.insn	2, 0x76cc
 8000bb2:	0c00                	addi	s0,sp,528
 8000bb4:	0018                	.insn	2, 0x0018
 8000bb6:	1838                	addi	a4,sp,56
 8000bb8:	3c18                	.insn	2, 0x3c18
 8000bba:	0c00                	addi	s0,sp,528
 8000bbc:	7c18                	.insn	2, 0x7c18
 8000bbe:	c6c6                	sw	a7,76(sp)
 8000bc0:	7cc6                	.insn	2, 0x7cc6
 8000bc2:	1800                	addi	s0,sp,48
 8000bc4:	cc30                	sw	a2,88(s0)
 8000bc6:	cccc                	sw	a1,28(s1)
 8000bc8:	76cc                	.insn	2, 0x76cc
 8000bca:	7600                	.insn	2, 0x7600
 8000bcc:	00dc                	addi	a5,sp,68
 8000bce:	66dc                	.insn	2, 0x66dc
 8000bd0:	6666                	.insn	2, 0x6666
 8000bd2:	7600                	.insn	2, 0x7600
 8000bd4:	00dc                	addi	a5,sp,68
 8000bd6:	f6e6                	.insn	2, 0xf6e6
 8000bd8:	cede                	sw	s7,92(sp)
 8000bda:	3c00                	.insn	2, 0x3c00
 8000bdc:	6c6c                	.insn	2, 0x6c6c
 8000bde:	003e                	c.slli	zero,0xf
 8000be0:	007e                	c.slli	zero,0x1f
 8000be2:	3800                	.insn	2, 0x3800
 8000be4:	6c6c                	.insn	2, 0x6c6c
 8000be6:	0038                	addi	a4,sp,8
 8000be8:	007c                	addi	a5,sp,12
 8000bea:	1800                	addi	s0,sp,48
 8000bec:	1800                	addi	s0,sp,48
 8000bee:	3018                	.insn	2, 0x3018
 8000bf0:	00003e63          	.insn	4, 0x3e63
 8000bf4:	0000                	unimp
 8000bf6:	c0fe                	sw	t6,64(sp)
 8000bf8:	00c0                	addi	s0,sp,68
 8000bfa:	0000                	unimp
 8000bfc:	0000                	unimp
 8000bfe:	06fe                	slli	a3,a3,0x1f
 8000c00:	0006                	c.slli	zero,0x1
 8000c02:	6300                	.insn	2, 0x6300
 8000c04:	6ce6                	.insn	2, 0x6ce6
 8000c06:	337e                	.insn	2, 0x337e
 8000c08:	cc66                	sw	s9,24(sp)
 8000c0a:	6ce6630f          	.insn	4, 0x6ce6630f
 8000c0e:	367a                	.insn	2, 0x367a
 8000c10:	df6a                	sw	s10,188(sp)
 8000c12:	1806                	slli	a6,a6,0x21
 8000c14:	1800                	addi	s0,sp,48
 8000c16:	3c18                	.insn	2, 0x3c18
 8000c18:	183c                	addi	a5,sp,56
 8000c1a:	0000                	unimp
 8000c1c:	66cc6633          	.insn	4, 0x66cc6633
 8000c20:	00000033          	add	zero,zero,zero
 8000c24:	66cc                	.insn	2, 0x66cc
 8000c26:	00cc6633          	or	a2,s8,a2
 8000c2a:	2200                	.insn	2, 0x2200
 8000c2c:	2288                	.insn	2, 0x2288
 8000c2e:	2288                	.insn	2, 0x2288
 8000c30:	2288                	.insn	2, 0x2288
 8000c32:	5588                	lw	a0,40(a1)
 8000c34:	55aa                	lw	a1,168(sp)
 8000c36:	55aa                	lw	a1,168(sp)
 8000c38:	55aa                	lw	a1,168(sp)
 8000c3a:	77aa                	.insn	2, 0x77aa
 8000c3c:	77dd                	lui	a5,0xffff7
 8000c3e:	77dd                	lui	a5,0xffff7
 8000c40:	77dd                	lui	a5,0xffff7
 8000c42:	18dd                	addi	a7,a7,-9
 8000c44:	1818                	addi	a4,sp,48
 8000c46:	1818                	addi	a4,sp,48
 8000c48:	1818                	addi	a4,sp,48
 8000c4a:	1818                	addi	a4,sp,48
 8000c4c:	1818                	addi	a4,sp,48
 8000c4e:	f818                	.insn	2, 0xf818
 8000c50:	1818                	addi	a4,sp,48
 8000c52:	1818                	addi	a4,sp,48
 8000c54:	f818                	.insn	2, 0xf818
 8000c56:	f818                	.insn	2, 0xf818
 8000c58:	1818                	addi	a4,sp,48
 8000c5a:	3618                	.insn	2, 0x3618
 8000c5c:	3636                	.insn	2, 0x3636
 8000c5e:	f636                	.insn	2, 0xf636
 8000c60:	3636                	.insn	2, 0x3636
 8000c62:	0036                	c.slli	zero,0xd
 8000c64:	0000                	unimp
 8000c66:	fe00                	.insn	2, 0xfe00
 8000c68:	3636                	.insn	2, 0x3636
 8000c6a:	0036                	c.slli	zero,0xd
 8000c6c:	f800                	.insn	2, 0xf800
 8000c6e:	f818                	.insn	2, 0xf818
 8000c70:	1818                	addi	a4,sp,48
 8000c72:	3618                	.insn	2, 0x3618
 8000c74:	f636                	.insn	2, 0xf636
 8000c76:	f606                	.insn	2, 0xf606
 8000c78:	3636                	.insn	2, 0x3636
 8000c7a:	3636                	.insn	2, 0x3636
 8000c7c:	3636                	.insn	2, 0x3636
 8000c7e:	3636                	.insn	2, 0x3636
 8000c80:	3636                	.insn	2, 0x3636
 8000c82:	0036                	c.slli	zero,0xd
 8000c84:	fe00                	.insn	2, 0xfe00
 8000c86:	f606                	.insn	2, 0xf606
 8000c88:	3636                	.insn	2, 0x3636
 8000c8a:	3636                	.insn	2, 0x3636
 8000c8c:	f636                	.insn	2, 0xf636
 8000c8e:	fe06                	.insn	2, 0xfe06
 8000c90:	0000                	unimp
 8000c92:	3600                	.insn	2, 0x3600
 8000c94:	3636                	.insn	2, 0x3636
 8000c96:	fe36                	.insn	2, 0xfe36
 8000c98:	0000                	unimp
 8000c9a:	1800                	addi	s0,sp,48
 8000c9c:	f818                	.insn	2, 0xf818
 8000c9e:	f818                	.insn	2, 0xf818
 8000ca0:	0000                	unimp
 8000ca2:	0000                	unimp
 8000ca4:	0000                	unimp
 8000ca6:	f800                	.insn	2, 0xf800
 8000ca8:	1818                	addi	a4,sp,48
 8000caa:	1818                	addi	a4,sp,48
 8000cac:	1818                	addi	a4,sp,48
 8000cae:	1f18                	addi	a4,sp,944
 8000cb0:	0000                	unimp
 8000cb2:	1800                	addi	s0,sp,48
 8000cb4:	1818                	addi	a4,sp,48
 8000cb6:	ff18                	.insn	2, 0xff18
 8000cb8:	0000                	unimp
 8000cba:	0000                	unimp
 8000cbc:	0000                	unimp
 8000cbe:	ff00                	.insn	2, 0xff00
 8000cc0:	1818                	addi	a4,sp,48
 8000cc2:	1818                	addi	a4,sp,48
 8000cc4:	1818                	addi	a4,sp,48
 8000cc6:	1f18                	addi	a4,sp,944
 8000cc8:	1818                	addi	a4,sp,48
 8000cca:	0018                	.insn	2, 0x0018
 8000ccc:	0000                	unimp
 8000cce:	ff00                	.insn	2, 0xff00
 8000cd0:	0000                	unimp
 8000cd2:	1800                	addi	s0,sp,48
 8000cd4:	1818                	addi	a4,sp,48
 8000cd6:	ff18                	.insn	2, 0xff18
 8000cd8:	1818                	addi	a4,sp,48
 8000cda:	1818                	addi	a4,sp,48
 8000cdc:	1f18                	addi	a4,sp,944
 8000cde:	1f18                	addi	a4,sp,944
 8000ce0:	1818                	addi	a4,sp,48
 8000ce2:	3618                	.insn	2, 0x3618
 8000ce4:	3636                	.insn	2, 0x3636
 8000ce6:	3736                	.insn	2, 0x3736
 8000ce8:	3636                	.insn	2, 0x3636
 8000cea:	3636                	.insn	2, 0x3636
 8000cec:	3736                	.insn	2, 0x3736
 8000cee:	3f30                	.insn	2, 0x3f30
 8000cf0:	0000                	unimp
 8000cf2:	0000                	unimp
 8000cf4:	3f00                	.insn	2, 0x3f00
 8000cf6:	3730                	.insn	2, 0x3730
 8000cf8:	3636                	.insn	2, 0x3636
 8000cfa:	3636                	.insn	2, 0x3636
 8000cfc:	f736                	.insn	2, 0xf736
 8000cfe:	ff00                	.insn	2, 0xff00
 8000d00:	0000                	unimp
 8000d02:	0000                	unimp
 8000d04:	ff00                	.insn	2, 0xff00
 8000d06:	f700                	.insn	2, 0xf700
 8000d08:	3636                	.insn	2, 0x3636
 8000d0a:	3636                	.insn	2, 0x3636
 8000d0c:	3736                	.insn	2, 0x3736
 8000d0e:	3730                	.insn	2, 0x3730
 8000d10:	3636                	.insn	2, 0x3636
 8000d12:	0036                	c.slli	zero,0xd
 8000d14:	ff00                	.insn	2, 0xff00
 8000d16:	ff00                	.insn	2, 0xff00
 8000d18:	0000                	unimp
 8000d1a:	3600                	.insn	2, 0x3600
 8000d1c:	f736                	.insn	2, 0xf736
 8000d1e:	f700                	.insn	2, 0xf700
 8000d20:	3636                	.insn	2, 0x3636
 8000d22:	1836                	slli	a6,a6,0x2d
 8000d24:	ff18                	.insn	2, 0xff18
 8000d26:	ff00                	.insn	2, 0xff00
 8000d28:	0000                	unimp
 8000d2a:	3600                	.insn	2, 0x3600
 8000d2c:	3636                	.insn	2, 0x3636
 8000d2e:	ff36                	.insn	2, 0xff36
 8000d30:	0000                	unimp
 8000d32:	0000                	unimp
 8000d34:	ff00                	.insn	2, 0xff00
 8000d36:	ff00                	.insn	2, 0xff00
 8000d38:	1818                	addi	a4,sp,48
 8000d3a:	0018                	.insn	2, 0x0018
 8000d3c:	0000                	unimp
 8000d3e:	ff00                	.insn	2, 0xff00
 8000d40:	3636                	.insn	2, 0x3636
 8000d42:	3636                	.insn	2, 0x3636
 8000d44:	3636                	.insn	2, 0x3636
 8000d46:	3f36                	.insn	2, 0x3f36
 8000d48:	0000                	unimp
 8000d4a:	1800                	addi	s0,sp,48
 8000d4c:	1f18                	addi	a4,sp,944
 8000d4e:	1f18                	addi	a4,sp,944
 8000d50:	0000                	unimp
 8000d52:	0000                	unimp
 8000d54:	1f00                	addi	s0,sp,944
 8000d56:	1f18                	addi	a4,sp,944
 8000d58:	1818                	addi	a4,sp,48
 8000d5a:	0018                	.insn	2, 0x0018
 8000d5c:	0000                	unimp
 8000d5e:	3f00                	.insn	2, 0x3f00
 8000d60:	3636                	.insn	2, 0x3636
 8000d62:	3636                	.insn	2, 0x3636
 8000d64:	3636                	.insn	2, 0x3636
 8000d66:	ff36                	.insn	2, 0xff36
 8000d68:	3636                	.insn	2, 0x3636
 8000d6a:	1836                	slli	a6,a6,0x2d
 8000d6c:	ff18                	.insn	2, 0xff18
 8000d6e:	ff18                	.insn	2, 0xff18
 8000d70:	1818                	addi	a4,sp,48
 8000d72:	1818                	addi	a4,sp,48
 8000d74:	1818                	addi	a4,sp,48
 8000d76:	f818                	.insn	2, 0xf818
 8000d78:	0000                	unimp
 8000d7a:	0000                	unimp
 8000d7c:	0000                	unimp
 8000d7e:	1f00                	addi	s0,sp,944
 8000d80:	1818                	addi	a4,sp,48
 8000d82:	ff18                	.insn	2, 0xff18
 8000d84:	ffff                	.insn	2, 0xffff
 8000d86:	ffff                	.insn	2, 0xffff
 8000d88:	ffff                	.insn	2, 0xffff
 8000d8a:	00ff 0000 ff00 ffff 	.insn	10, 0xf0ffffffff00000000ff
 8000d92:	f0ff 
 8000d94:	f0f0                	.insn	2, 0xf0f0
 8000d96:	f0f0                	.insn	2, 0xf0f0
 8000d98:	f0f0                	.insn	2, 0xf0f0
 8000d9a:	0ff0                	addi	a2,sp,988
 8000d9c:	0f0f0f0f          	.insn	4, 0x0f0f0f0f
 8000da0:	ff0f0f0f          	.insn	4, 0xff0f0f0f
 8000da4:	ffff                	.insn	2, 0xffff
 8000da6:	00ff 0000 0000 7600 	.insn	10, 0xc8dc76000000000000ff
 8000dae:	c8dc 
 8000db0:	76dc                	.insn	2, 0x76dc
 8000db2:	7800                	.insn	2, 0x7800
 8000db4:	cccc                	sw	a1,28(s1)
 8000db6:	ccd8                	sw	a4,28(s1)
 8000db8:	ccc6                	sw	a7,88(sp)
 8000dba:	fe00                	.insn	2, 0xfe00
 8000dbc:	c0c6                	sw	a7,64(sp)
 8000dbe:	c0c0                	sw	s0,4(s1)
 8000dc0:	c0c0                	sw	s0,4(s1)
 8000dc2:	0000                	unimp
 8000dc4:	fe00                	.insn	2, 0xfe00
 8000dc6:	6c6c                	.insn	2, 0x6c6c
 8000dc8:	6c6c                	.insn	2, 0x6c6c
 8000dca:	fe00                	.insn	2, 0xfe00
 8000dcc:	60c6                	.insn	2, 0x60c6
 8000dce:	6030                	.insn	2, 0x6030
 8000dd0:	fec6                	.insn	2, 0xfec6
 8000dd2:	0000                	unimp
 8000dd4:	7e00                	.insn	2, 0x7e00
 8000dd6:	d8d8                	sw	a4,52(s1)
 8000dd8:	70d8                	.insn	2, 0x70d8
 8000dda:	0000                	unimp
 8000ddc:	6600                	.insn	2, 0x6600
 8000dde:	6666                	.insn	2, 0x6666
 8000de0:	7c66                	.insn	2, 0x7c66
 8000de2:	00c0                	addi	s0,sp,68
 8000de4:	dc76                	sw	t4,56(sp)
 8000de6:	1818                	addi	a4,sp,48
 8000de8:	1818                	addi	a4,sp,48
 8000dea:	7e00                	.insn	2, 0x7e00
 8000dec:	3c18                	.insn	2, 0x3c18
 8000dee:	6666                	.insn	2, 0x6666
 8000df0:	183c                	addi	a5,sp,56
 8000df2:	387e                	.insn	2, 0x387e
 8000df4:	c66c                	sw	a1,76(a2)
 8000df6:	c6fe                	sw	t6,76(sp)
 8000df8:	386c                	.insn	2, 0x386c
 8000dfa:	3800                	.insn	2, 0x3800
 8000dfc:	c66c                	sw	a1,76(a2)
 8000dfe:	6cc6                	.insn	2, 0x6cc6
 8000e00:	ee6c                	.insn	2, 0xee6c
 8000e02:	0e00                	addi	s0,sp,784
 8000e04:	0c18                	addi	a4,sp,528
 8000e06:	663e                	.insn	2, 0x663e
 8000e08:	3c66                	.insn	2, 0x3c66
 8000e0a:	0000                	unimp
 8000e0c:	7e00                	.insn	2, 0x7e00
 8000e0e:	007edbdb          	.insn	4, 0x007edbdb
 8000e12:	0600                	addi	s0,sp,768
 8000e14:	7e0c                	.insn	2, 0x7e0c
 8000e16:	607edbdb          	.insn	4, 0x607edbdb
 8000e1a:	1ec0                	addi	s0,sp,884
 8000e1c:	6030                	.insn	2, 0x6030
 8000e1e:	607e                	.insn	2, 0x607e
 8000e20:	1e30                	addi	a2,sp,824
 8000e22:	0000                	unimp
 8000e24:	c67c                	sw	a5,76(a2)
 8000e26:	c6c6                	sw	a7,76(sp)
 8000e28:	c6c6                	sw	a7,76(sp)
 8000e2a:	0000                	unimp
 8000e2c:	00fe                	slli	ra,ra,0x1f
 8000e2e:	00fe                	slli	ra,ra,0x1f
 8000e30:	00fe                	slli	ra,ra,0x1f
 8000e32:	1800                	addi	s0,sp,48
 8000e34:	7e18                	.insn	2, 0x7e18
 8000e36:	1818                	addi	a4,sp,48
 8000e38:	7e00                	.insn	2, 0x7e00
 8000e3a:	3000                	.insn	2, 0x3000
 8000e3c:	0c18                	addi	a4,sp,528
 8000e3e:	3018                	.insn	2, 0x3018
 8000e40:	7e00                	.insn	2, 0x7e00
 8000e42:	0c00                	addi	s0,sp,528
 8000e44:	3018                	.insn	2, 0x3018
 8000e46:	0c18                	addi	a4,sp,528
 8000e48:	7e00                	.insn	2, 0x7e00
 8000e4a:	0e00                	addi	s0,sp,784
 8000e4c:	18181b1b          	.insn	4, 0x18181b1b
 8000e50:	1818                	addi	a4,sp,48
 8000e52:	1818                	addi	a4,sp,48
 8000e54:	1818                	addi	a4,sp,48
 8000e56:	1818                	addi	a4,sp,48
 8000e58:	d8d8                	sw	a4,52(s1)
 8000e5a:	0070                	addi	a2,sp,12
 8000e5c:	0018                	.insn	2, 0x0018
 8000e5e:	007e                	c.slli	zero,0x1f
 8000e60:	0018                	.insn	2, 0x0018
 8000e62:	0000                	unimp
 8000e64:	dc76                	sw	t4,56(sp)
 8000e66:	7600                	.insn	2, 0x7600
 8000e68:	00dc                	addi	a5,sp,68
 8000e6a:	3800                	.insn	2, 0x3800
 8000e6c:	6c6c                	.insn	2, 0x6c6c
 8000e6e:	0038                	addi	a4,sp,8
 8000e70:	0000                	unimp
 8000e72:	0000                	unimp
 8000e74:	0000                	unimp
 8000e76:	1818                	addi	a4,sp,48
 8000e78:	0000                	unimp
 8000e7a:	0000                	unimp
 8000e7c:	0000                	unimp
 8000e7e:	0018                	.insn	2, 0x0018
 8000e80:	0000                	unimp
 8000e82:	0f00                	addi	s0,sp,912
 8000e84:	0c0c                	addi	a1,sp,528
 8000e86:	ec0c                	.insn	2, 0xec0c
 8000e88:	3c6c                	.insn	2, 0x3c6c
 8000e8a:	6c1c                	.insn	2, 0x6c1c
 8000e8c:	3636                	.insn	2, 0x3636
 8000e8e:	3636                	.insn	2, 0x3636
 8000e90:	0000                	unimp
 8000e92:	7800                	.insn	2, 0x7800
 8000e94:	180c                	addi	a1,sp,48
 8000e96:	7c30                	.insn	2, 0x7c30
 8000e98:	0000                	unimp
 8000e9a:	0000                	unimp
 8000e9c:	3c00                	.insn	2, 0x3c00
 8000e9e:	3c3c                	.insn	2, 0x3c3c
 8000ea0:	003c                	addi	a5,sp,8
	...
